2025-12-28 19:32:29 - root - INFO - ============================================================
2025-12-28 19:32:29 - root - INFO - НАЧАЛО ЕЖЕДНЕВНОГО ОБНОВЛЕНИЯ: 2025-12-28 19:32:29
2025-12-28 19:32:29 - root - INFO - ============================================================
2025-12-28 19:32:29 - root - INFO - Начинаем обновление данных об астероидах...
2025-12-28 19:32:29 - external_apis.sbdb_api - INFO - Получение списка потенциально опасных астероидов...
2025-12-28 19:32:46 - external_apis.sbdb_api - INFO - Получено 2527 обозначений
2025-12-28 19:32:46 - external_apis.sbdb_api - INFO - Запрос данных для 2527 астероидов...
2025-12-28 19:32:47 - external_apis.sbdb_api - INFO - Обработано 50/2527 астероидов
2025-12-28 19:32:48 - external_apis.sbdb_api - INFO - Обработано 100/2527 астероидов
2025-12-28 19:32:49 - external_apis.sbdb_api - INFO - Обработано 150/2527 астероидов
2025-12-28 19:32:50 - external_apis.sbdb_api - INFO - Обработано 200/2527 астероидов
2025-12-28 19:32:51 - external_apis.sbdb_api - INFO - Обработано 250/2527 астероидов
2025-12-28 19:32:52 - external_apis.sbdb_api - INFO - Обработано 300/2527 астероидов
2025-12-28 19:32:53 - external_apis.sbdb_api - INFO - Обработано 350/2527 астероидов
2025-12-28 19:32:54 - external_apis.sbdb_api - INFO - Обработано 400/2527 астероидов
2025-12-28 19:32:55 - external_apis.sbdb_api - INFO - Обработано 450/2527 астероидов
2025-12-28 19:32:56 - external_apis.sbdb_api - INFO - Обработано 500/2527 астероидов
2025-12-28 19:32:57 - external_apis.sbdb_api - INFO - Обработано 550/2527 астероидов
2025-12-28 19:32:58 - external_apis.sbdb_api - INFO - Обработано 600/2527 астероидов
2025-12-28 19:32:59 - external_apis.sbdb_api - INFO - Обработано 650/2527 астероидов
2025-12-28 19:33:00 - external_apis.sbdb_api - INFO - Обработано 700/2527 астероидов
2025-12-28 19:33:01 - external_apis.sbdb_api - INFO - Обработано 750/2527 астероидов
2025-12-28 19:33:02 - external_apis.sbdb_api - INFO - Обработано 800/2527 астероидов
2025-12-28 19:33:04 - external_apis.sbdb_api - INFO - Обработано 850/2527 астероидов
2025-12-28 19:33:05 - external_apis.sbdb_api - INFO - Обработано 900/2527 астероидов
2025-12-28 19:33:06 - external_apis.sbdb_api - INFO - Обработано 950/2527 астероидов
2025-12-28 19:33:07 - external_apis.sbdb_api - INFO - Обработано 1000/2527 астероидов
2025-12-28 19:33:08 - external_apis.sbdb_api - INFO - Обработано 1050/2527 астероидов
2025-12-28 19:33:09 - external_apis.sbdb_api - INFO - Обработано 1100/2527 астероидов
2025-12-28 19:33:10 - external_apis.sbdb_api - INFO - Обработано 1150/2527 астероидов
2025-12-28 19:33:11 - external_apis.sbdb_api - INFO - Обработано 1200/2527 астероидов
2025-12-28 19:33:12 - external_apis.sbdb_api - INFO - Обработано 1250/2527 астероидов
2025-12-28 19:33:13 - external_apis.sbdb_api - INFO - Обработано 1300/2527 астероидов
2025-12-28 19:33:14 - external_apis.sbdb_api - INFO - Обработано 1350/2527 астероидов
2025-12-28 19:33:15 - external_apis.sbdb_api - INFO - Обработано 1400/2527 астероидов
2025-12-28 19:33:16 - external_apis.sbdb_api - INFO - Обработано 1450/2527 астероидов
2025-12-28 19:33:17 - external_apis.sbdb_api - INFO - Обработано 1500/2527 астероидов
2025-12-28 19:33:18 - external_apis.sbdb_api - INFO - Обработано 1550/2527 астероидов
2025-12-28 19:33:19 - external_apis.sbdb_api - INFO - Обработано 1600/2527 астероидов
2025-12-28 19:33:20 - external_apis.sbdb_api - INFO - Обработано 1650/2527 астероидов
2025-12-28 19:33:21 - external_apis.sbdb_api - INFO - Обработано 1700/2527 астероидов
2025-12-28 19:33:22 - external_apis.sbdb_api - INFO - Обработано 1750/2527 астероидов
2025-12-28 19:33:23 - external_apis.sbdb_api - INFO - Обработано 1800/2527 астероидов
2025-12-28 19:33:24 - external_apis.sbdb_api - INFO - Обработано 1850/2527 астероидов
2025-12-28 19:33:25 - external_apis.sbdb_api - INFO - Обработано 1900/2527 астероидов
2025-12-28 19:33:26 - external_apis.sbdb_api - INFO - Обработано 1950/2527 астероидов
2025-12-28 19:33:27 - external_apis.sbdb_api - INFO - Обработано 2000/2527 астероидов
2025-12-28 19:33:28 - external_apis.sbdb_api - INFO - Обработано 2050/2527 астероидов
2025-12-28 19:33:29 - external_apis.sbdb_api - INFO - Обработано 2100/2527 астероидов
2025-12-28 19:33:30 - external_apis.sbdb_api - INFO - Обработано 2150/2527 астероидов
2025-12-28 19:33:31 - external_apis.sbdb_api - INFO - Обработано 2200/2527 астероидов
2025-12-28 19:33:32 - external_apis.sbdb_api - INFO - Обработано 2250/2527 астероидов
2025-12-28 19:33:33 - external_apis.sbdb_api - INFO - Обработано 2300/2527 астероидов
2025-12-28 19:33:34 - external_apis.sbdb_api - INFO - Обработано 2350/2527 астероидов
2025-12-28 19:33:35 - external_apis.sbdb_api - INFO - Обработано 2400/2527 астероидов
2025-12-28 19:33:36 - external_apis.sbdb_api - INFO - Обработано 2450/2527 астероидов
2025-12-28 19:33:37 - external_apis.sbdb_api - INFO - Обработано 2500/2527 астероидов
2025-12-28 19:33:37 - external_apis.sbdb_api - INFO - Обработано 2527/2527 астероидов
2025-12-28 19:33:37 - external_apis.sbdb_api - INFO - Статистика по диаметрам:
2025-12-28 19:33:37 - external_apis.sbdb_api - INFO -   Всего астероидов: 2527
2025-12-28 19:33:37 - external_apis.sbdb_api - INFO -   Точные диаметры: 321 (12.7%)
2025-12-28 19:33:37 - external_apis.sbdb_api - INFO -   Измеренные диаметры: 321 (12.7%)
2025-12-28 19:33:37 - external_apis.sbdb_api - INFO -   Вычисленные NASA: 18 (0.7%)
2025-12-28 19:33:37 - external_apis.sbdb_api - INFO -   Рассчитанные программой: 2188 (86.6%)
2025-12-28 19:33:37 - external_apis.sbdb_api - INFO - Успешно получено 2527 астероидов, не удалось: 0
2025-12-28 19:33:37 - root - INFO - Данные сохранены в asteroids.json (2527 записей)
2025-12-28 19:33:37 - root - INFO - Обновление астероидов завершено:
2025-12-28 19:33:37 - root - INFO -   Всего астероидов: 2527
2025-12-28 19:33:37 - root - INFO -   С именами: 50
2025-12-28 19:33:37 - root - INFO -   С точными диаметрами: 321
2025-12-28 19:33:37 - root - INFO - Начинаем обновление данных о сближениях...
2025-12-28 19:33:37 - external_apis.cad_api - INFO - Запрос сближений за период 2025-12-28 - 2035-12-26
2025-12-28 19:33:40 - external_apis.cad_api - INFO - Получено 180 уникальных сближений
2025-12-28 19:33:40 - utils.get_approaches - INFO - Найдено 188 сближений
2025-12-28 19:33:40 - root - INFO - Данные сохранены в approaches.json (188 записей)
2025-12-28 19:33:40 - root - INFO - Обновление сближений завершено:
2025-12-28 19:33:40 - root - INFO -   Всего сближений: 188
2025-12-28 19:33:40 - root - INFO -   Распределение по годам:
2025-12-28 19:33:40 - root - INFO -     2026: 16 сближений
2025-12-28 19:33:40 - root - INFO -     2027: 14 сближений
2025-12-28 19:33:40 - root - INFO -     2028: 23 сближений
2025-12-28 19:33:40 - root - INFO -     2029: 26 сближений
2025-12-28 19:33:40 - root - INFO -     2030: 13 сближений
2025-12-28 19:33:40 - root - INFO -     2031: 17 сближений
2025-12-28 19:33:40 - root - INFO -     2032: 20 сближений
2025-12-28 19:33:40 - root - INFO -     2033: 22 сближений
2025-12-28 19:33:40 - root - INFO -     2034: 26 сближений
2025-12-28 19:33:40 - root - INFO -     2035: 11 сближений
2025-12-28 19:33:40 - root - INFO - Начинаем обновление данных об угрозах...
2025-12-28 19:33:40 - external_apis.sentry_api - INFO - Запрос актуальных данных о рисках из NASA Sentry API...
2025-12-28 19:33:41 - external_apis.sentry_api - INFO - Найдено 0 объектов с ts_max > 0
2025-12-28 19:33:41 - utils.get_treat - INFO - Нет данных об угрозах от Sentry API
2025-12-28 19:33:41 - root - WARNING - Не получено данных об угрозах
2025-12-28 19:33:41 - root - INFO - ============================================================
2025-12-28 19:33:41 - root - INFO - ИТОГИ ОБНОВЛЕНИЯ:
2025-12-28 19:33:41 - root - INFO -   Общее время: 0:01:12.825796
2025-12-28 19:33:41 - root - INFO -   Астероиды: УСПЕХ (2527 записей)
2025-12-28 19:33:41 - root - INFO -   Сближения: УСПЕХ (188 записей)
2025-12-28 19:33:41 - root - INFO -   Угрозы: УСПЕХ (0 записей)
2025-12-28 19:33:41 - root - INFO - СТАТУС ОБНОВЛЕНИЯ: С ОШИБКАМИ
2025-12-28 19:33:41 - root - INFO - ОКОНЧАНИЕ ОБНОВЛЕНИЯ: 2025-12-28 19:33:41
2025-12-28 19:33:41 - root - INFO - ============================================================
2025-12-28 19:33:41 - root - INFO - Данные сохранены в update_metadata.json (N/A записей)
