2025-12-14 14:58:54,813 - __main__ - INFO - ============================================================
2025-12-14 14:58:54,813 - __main__ - INFO - 🚀 ЗАПУСК ОБНОВЛЕНИЯ БАЗЫ ДАННЫХ АСТЕРОИДОВ
2025-12-14 14:58:54,813 - __main__ - INFO - ============================================================
2025-12-14 14:58:54,814 - controllers.asteroid_controller - INFO - Инициализирован AsteroidController
2025-12-14 14:58:54,814 - controllers.approach_controller - INFO - Инициализирован ApproachController
2025-12-14 14:58:54,814 - controllers.threat_controller - INFO - Инициализирован ThreatController
2025-12-14 14:58:54,814 - services.update_service - INFO - Инициализирован DataUpdateService (max_workers=10)
2025-12-14 14:58:54,814 - services.update_service - INFO - 🚀 Начало обновления update_20251214_145854
2025-12-14 14:58:54,814 - services.update_service - INFO - 📥 Этап 1: Получение данных из MPC...
2025-12-14 14:58:54,916 - utils.get_data - INFO - Данные для астероида Eros (433) были получены!
2025-12-14 14:58:54,917 - utils.get_data - INFO - Данные для астероида Albert (719) были получены!
2025-12-14 14:58:54,917 - utils.get_data - INFO - Данные для астероида Alinda (887) были получены!
2025-12-14 14:58:54,918 - utils.get_data - INFO - Данные для астероида Ganymed (1036) были получены!
2025-12-14 14:58:54,918 - utils.get_data - INFO - Данные для астероида Amor (1221) были получены!
2025-12-14 14:58:54,919 - utils.get_data - INFO - Данные для астероида Icarus (1566) были получены!
2025-12-14 14:58:54,919 - utils.get_data - INFO - Данные для астероида Betulia (1580) были получены!
2025-12-14 14:58:54,920 - utils.get_data - INFO - Данные для астероида Geographos (1620) были получены!
2025-12-14 14:58:54,920 - utils.get_data - INFO - Данные для астероида Ivar (1627) были получены!
2025-12-14 14:58:54,921 - utils.get_data - INFO - Данные для астероида Toro (1685) были получены!
2025-12-14 14:58:54,921 - utils.get_data - INFO - Данные для астероида Apollo (1862) были получены!
2025-12-14 14:58:54,922 - utils.get_data - INFO - Данные для астероида Antinous (1863) были получены!
2025-12-14 14:58:54,922 - utils.get_data - INFO - Данные для астероида Daedalus (1864) были получены!
2025-12-14 14:58:54,923 - utils.get_data - INFO - Данные для астероида Cerberus (1865) были получены!
2025-12-14 14:58:54,923 - utils.get_data - INFO - Данные для астероида Sisyphus (1866) были получены!
2025-12-14 14:58:54,924 - utils.get_data - INFO - Данные для астероида Quetzalcoatl (1915) были получены!
2025-12-14 14:58:54,924 - utils.get_data - INFO - Данные для астероида Boreas (1916) были получены!
2025-12-14 14:58:54,924 - utils.get_data - INFO - Данные для астероида Cuyo (1917) были получены!
2025-12-14 14:58:54,925 - utils.get_data - INFO - Данные для астероида Anteros (1943) были получены!
2025-12-14 14:58:54,925 - utils.get_data - INFO - Данные для астероида Tezcatlipoca (1980) были получены!
2025-12-14 14:58:54,926 - utils.get_data - INFO - Данные для астероида Midas (1981) были получены!
2025-12-14 14:58:54,926 - utils.get_data - INFO - Данные для астероида Baboquivari (2059) были получены!
2025-12-14 14:58:54,927 - utils.get_data - INFO - Данные для астероида Anza (2061) были получены!
2025-12-14 14:58:54,927 - utils.get_data - INFO - Данные для астероида Aten (2062) были получены!
2025-12-14 14:58:54,928 - utils.get_data - INFO - Данные для астероида Bacchus (2063) были получены!
2025-12-14 14:58:54,928 - utils.get_data - INFO - Данные для астероида Ra-Shalom (2100) были получены!
2025-12-14 14:58:54,929 - utils.get_data - INFO - Данные для астероида Adonis (2101) были получены!
2025-12-14 14:58:54,929 - utils.get_data - INFO - Данные для астероида Tantalus (2102) были получены!
2025-12-14 14:58:54,929 - utils.get_data - INFO - Данные для астероида Aristaeus (2135) были получены!
2025-12-14 14:58:54,930 - utils.get_data - INFO - Данные для астероида Oljato (2201) были получены!
2025-12-14 14:58:54,930 - utils.get_data - INFO - Данные для астероида Pele (2202) были получены!
2025-12-14 14:58:54,931 - utils.get_data - INFO - Данные для астероида Hephaistos (2212) были получены!
2025-12-14 14:58:54,931 - utils.get_data - INFO - Данные для астероида Orthos (2329) были получены!
2025-12-14 14:58:54,932 - utils.get_data - INFO - Данные для астероида Hathor (2340) были получены!
2025-12-14 14:58:54,932 - utils.get_data - INFO - Данные для астероида Beltrovata (2368) были получены!
2025-12-14 14:58:54,932 - utils.get_data - INFO - Данные для астероида Seneca (2608) были получены!
2025-12-14 14:58:54,933 - utils.get_data - INFO - Данные для астероида Krok (3102) были получены!
2025-12-14 14:58:54,933 - utils.get_data - INFO - Данные для астероида Eger (3103) были получены!
2025-12-14 14:58:54,934 - utils.get_data - INFO - Данные для астероида Florence (3122) были получены!
2025-12-14 14:58:54,934 - utils.get_data - INFO - Данные для астероида Nefertiti (3199) были получены!
2025-12-14 14:58:54,935 - utils.get_data - INFO - Данные для астероида Phaethon (3200) были получены!
2025-12-14 14:58:54,935 - utils.get_data - INFO - Данные для астероида Ul (3271) были получены!
2025-12-14 14:58:54,936 - utils.get_data - INFO - Данные для астероида Seleucus (3288) были получены!
2025-12-14 14:58:54,936 - utils.get_data - INFO - Данные для астероида McAuliffe (3352) были получены!
2025-12-14 14:58:54,936 - utils.get_data - INFO - Данные для астероида Syrinx (3360) были получены!
2025-12-14 14:58:54,937 - utils.get_data - INFO - Данные для астероида Orpheus (3361) были получены!
2025-12-14 14:58:54,937 - utils.get_data - INFO - Данные для астероида Khufu (3362) были получены!
2025-12-14 14:58:54,938 - utils.get_data - INFO - Данные для астероида Verenia (3551) были получены!
2025-12-14 14:58:54,938 - utils.get_data - INFO - Данные для астероида Don Quixote (3552) были получены!
2025-12-14 14:58:54,939 - utils.get_data - INFO - Данные для астероида Mera (3553) были получены!
2025-12-14 14:58:54,939 - utils.get_data - INFO - Данные для астероида Amun (3554) были получены!
2025-12-14 14:58:54,940 - utils.get_data - INFO - Данные для астероида Dionysus (3671) были получены!
2025-12-14 14:58:54,940 - utils.get_data - INFO - Данные для астероида Bede (3691) были получены!
2025-12-14 14:58:54,941 - utils.get_data - INFO - Данные для астероида Camillo (3752) были получены!
2025-12-14 14:58:54,941 - utils.get_data - INFO - Данные для астероида Cruithne (3753) были получены!
2025-12-14 14:58:54,941 - utils.get_data - INFO - Данные для астероида Anagolay (3757) были получены!
2025-12-14 14:58:54,942 - utils.get_data - INFO - Данные для астероида Epona (3838) были получены!
2025-12-14 14:58:54,942 - utils.get_data - INFO - Данные для астероида Nyx (3908) были получены!
2025-12-14 14:58:54,943 - utils.get_data - INFO - Данные для астероида Huma (3988) были получены!
2025-12-14 14:58:54,943 - utils.get_data - INFO - Данные для астероида Wilson-Harrington (4015) были получены!
2025-12-14 14:58:54,944 - utils.get_data - INFO - Данные для астероида Vishnu (4034) были получены!
2025-12-14 14:58:54,944 - utils.get_data - INFO - Данные для астероида Magellan (4055) были получены!
2025-12-14 14:58:54,945 - utils.get_data - INFO - Данные для астероида Toutatis (4179) были получены!
2025-12-14 14:58:54,945 - utils.get_data - INFO - Данные для астероида Cuno (4183) были получены!
2025-12-14 14:58:54,946 - utils.get_data - INFO - Данные для астероида Morpheus (4197) были получены!
2025-12-14 14:58:54,946 - utils.get_data - INFO - Данные для астероида Ubasti (4257) были получены!
2025-12-14 14:58:54,946 - utils.get_data - INFO - Данные для астероида Poseidon (4341) были получены!
2025-12-14 14:58:54,947 - utils.get_data - INFO - Данные для астероида Aditi (4401) были получены!
2025-12-14 14:58:54,947 - utils.get_data - INFO - Данные для астероида Pan (4450) были получены!
2025-12-14 14:58:54,948 - utils.get_data - INFO - Данные для астероида Mithra (4486) были получены!
2025-12-14 14:58:54,948 - utils.get_data - INFO - Данные для астероида Pocahontas (4487) были получены!
2025-12-14 14:58:54,948 - utils.get_data - INFO - Данные для астероида Cleobulus (4503) были получены!
2025-12-14 14:58:54,949 - utils.get_data - INFO - Данные для астероида Xanthus (4544) были получены!
2025-12-14 14:58:54,949 - utils.get_data - INFO - Данные для астероида Asclepius (4581) были получены!
2025-12-14 14:58:54,950 - utils.get_data - INFO - Данные для астероида None (4596) были получены!
2025-12-14 14:58:54,950 - utils.get_data - INFO - Данные для астероида Nereus (4660) были получены!
2025-12-14 14:58:54,951 - utils.get_data - INFO - Данные для астероида None (4688) были получены!
2025-12-14 14:58:54,952 - utils.get_data - INFO - Данные для астероида Castalia (4769) были получены!
2025-12-14 14:58:54,952 - utils.get_data - INFO - Данные для астероида Ninkasi (4947) были получены!
2025-12-14 14:58:54,952 - utils.get_data - INFO - Данные для астероида  (4953) были получены!
2025-12-14 14:58:54,953 - utils.get_data - INFO - Данные для астероида Eric (4954) были получены!
2025-12-14 14:58:54,953 - utils.get_data - INFO - Данные для астероида Brucemurray (4957) были получены!
2025-12-14 14:58:54,954 - utils.get_data - INFO - Данные для астероида Ptah (5011) были получены!
2025-12-14 14:58:54,954 - utils.get_data - INFO - Данные для астероида  (5131) были получены!
2025-12-14 14:58:54,955 - utils.get_data - INFO - Данные для астероида Heracles (5143) были получены!
2025-12-14 14:58:54,955 - utils.get_data - INFO - Данные для астероида  (5189) были получены!
2025-12-14 14:58:54,955 - utils.get_data - INFO - Данные для астероида Lyapunov (5324) были получены!
2025-12-14 14:58:54,956 - utils.get_data - INFO - Данные для астероида Davidaguilar (5332) были получены!
2025-12-14 14:58:54,956 - utils.get_data - INFO - Данные для астероида Taranis (5370) были получены!
2025-12-14 14:58:54,957 - utils.get_data - INFO - Данные для астероида Sekhmet (5381) были получены!
2025-12-14 14:58:54,957 - utils.get_data - INFO - Данные для астероида  (5496) были получены!
2025-12-14 14:58:54,958 - utils.get_data - INFO - Данные для астероида  (5587) были получены!
2025-12-14 14:58:54,958 - utils.get_data - INFO - Данные для астероида None (5590) были получены!
2025-12-14 14:58:54,958 - utils.get_data - INFO - Данные для астероида  (5604) были получены!
2025-12-14 14:58:54,959 - utils.get_data - INFO - Данные для астероида Jasonwheeler (5620) были получены!
2025-12-14 14:58:54,959 - utils.get_data - INFO - Данные для астероида Melissabrucker (5626) были получены!
2025-12-14 14:58:54,960 - utils.get_data - INFO - Данные для астероида  (5645) были получены!
2025-12-14 14:58:54,960 - utils.get_data - INFO - Данные для астероида  (5646) были получены!
2025-12-14 14:58:54,960 - utils.get_data - INFO - Данные для астероида Camarillo (5653) были получены!
2025-12-14 14:58:54,961 - utils.get_data - INFO - Данные для астероида None (5660) были получены!
2025-12-14 14:58:54,961 - utils.get_data - INFO - Данные для астероида  (5693) были получены!
2025-12-14 14:58:54,962 - utils.get_data - INFO - Данные для астероида Zeus (5731) были получены!
2025-12-14 14:58:54,962 - utils.get_data - INFO - Данные для астероида Zao (5751) были получены!
2025-12-14 14:58:54,963 - utils.get_data - INFO - Данные для астероида Talos (5786) были получены!
2025-12-14 14:58:54,963 - utils.get_data - INFO - Данные для астероида Bivoj (5797) были получены!
2025-12-14 14:58:54,964 - utils.get_data - INFO - Данные для астероида  (5828) были получены!
2025-12-14 14:58:54,964 - utils.get_data - INFO - Данные для астероида  (5836) были получены!
2025-12-14 14:58:54,964 - utils.get_data - INFO - Данные для астероида Tara (5863) были получены!
2025-12-14 14:58:54,965 - utils.get_data - INFO - Данные для астероида Tanith (5869) были получены!
2025-12-14 14:58:54,965 - utils.get_data - INFO - Данные для астероида Almeria (5879) были получены!
2025-12-14 14:58:54,966 - utils.get_data - INFO - Данные для астероида None (6037) были получены!
2025-12-14 14:58:54,966 - utils.get_data - INFO - Данные для астероида None (6047) были получены!
2025-12-14 14:58:54,967 - utils.get_data - INFO - Данные для астероида Miwablock (6050) были получены!
2025-12-14 14:58:54,967 - utils.get_data - INFO - Данные для астероида None (6053) были получены!
2025-12-14 14:58:54,967 - utils.get_data - INFO - Данные для астероида Jason (6063) были получены!
2025-12-14 14:58:54,968 - utils.get_data - INFO - Данные для астероида  (6178) были получены!
2025-12-14 14:58:54,968 - utils.get_data - INFO - Данные для астероида Minos (6239) были получены!
2025-12-14 14:58:54,969 - utils.get_data - INFO - Данные для астероида  (6455) были получены!
2025-12-14 14:58:54,969 - utils.get_data - INFO - Данные для астероида Golombek (6456) были получены!
2025-12-14 14:58:54,970 - utils.get_data - INFO - Данные для астероида Golevka (6489) были получены!
2025-12-14 14:58:54,970 - utils.get_data - INFO - Данные для астероида None (6491) были получены!
2025-12-14 14:58:54,971 - utils.get_data - INFO - Данные для астероида Ondaatje (6569) были получены!
2025-12-14 14:58:54,971 - utils.get_data - INFO - Данные для астероида  (6611) были получены!
2025-12-14 14:58:54,971 - utils.get_data - INFO - Данные для астероида None (7025) были получены!
2025-12-14 14:58:54,972 - utils.get_data - INFO - Данные для астероида Ishtar (7088) были получены!
2025-12-14 14:58:54,972 - utils.get_data - INFO - Данные для астероида Cadmus (7092) были получены!
2025-12-14 14:58:54,973 - utils.get_data - INFO - Данные для астероида  (7236) были получены!
2025-12-14 14:58:54,973 - utils.get_data - INFO - Данные для астероида  (7335) были получены!
2025-12-14 14:58:54,974 - utils.get_data - INFO - Данные для астероида Saunders (7336) были получены!
2025-12-14 14:58:54,974 - utils.get_data - INFO - Данные для астероида  (7341) были получены!
2025-12-14 14:58:54,975 - utils.get_data - INFO - Данные для астероида None (7350) были получены!
2025-12-14 14:58:54,975 - utils.get_data - INFO - Данные для астероида Oze (7358) были получены!
2025-12-14 14:58:54,976 - utils.get_data - INFO - Данные для астероида  (7474) были получены!
2025-12-14 14:58:54,976 - utils.get_data - INFO - Данные для астероида Norwan (7480) были получены!
2025-12-14 14:58:54,977 - utils.get_data - INFO - Данные для астероида  (7482) были получены!
2025-12-14 14:58:54,977 - utils.get_data - INFO - Данные для астероида None (7753) были получены!
2025-12-14 14:58:54,978 - utils.get_data - INFO - Данные для астероида  (7822) были получены!
2025-12-14 14:58:54,978 - utils.get_data - INFO - Данные для астероида None (7839) были получены!
2025-12-14 14:58:54,978 - utils.get_data - INFO - Данные для астероида None (7888) были получены!
2025-12-14 14:58:54,979 - utils.get_data - INFO - Данные для астероида  (7889) были получены!
2025-12-14 14:58:54,979 - utils.get_data - INFO - Данные для астероида  (7977) были получены!
2025-12-14 14:58:54,980 - utils.get_data - INFO - Данные для астероида Gordonmoore (8013) были получены!
2025-12-14 14:58:54,980 - utils.get_data - INFO - Данные для астероида None (8014) были получены!
2025-12-14 14:58:54,981 - utils.get_data - INFO - Данные для астероида Akka (8034) были получены!
2025-12-14 14:58:54,981 - utils.get_data - INFO - Данные для астероида  (8035) были получены!
2025-12-14 14:58:54,981 - utils.get_data - INFO - Данные для астероида  (8037) были получены!
2025-12-14 14:58:54,982 - utils.get_data - INFO - Данные для астероида  (8176) были получены!
2025-12-14 14:58:54,982 - utils.get_data - INFO - Данные для астероида  (8201) были получены!
2025-12-14 14:58:54,983 - utils.get_data - INFO - Данные для астероида None (8507) были получены!
2025-12-14 14:58:54,983 - utils.get_data - INFO - Данные для астероида None (8566) были получены!
2025-12-14 14:58:54,983 - utils.get_data - INFO - Данные для астероида  (8567) были получены!
2025-12-14 14:58:54,984 - utils.get_data - INFO - Данные для астероида Kadlu (8709) были получены!
2025-12-14 14:58:54,984 - utils.get_data - INFO - Данные для астероида  (9058) были получены!
2025-12-14 14:58:54,985 - utils.get_data - INFO - Данные для астероида Kwiila (9162) были получены!
2025-12-14 14:58:54,985 - utils.get_data - INFO - Данные для астероида Abhramu (9172) были получены!
2025-12-14 14:58:54,986 - utils.get_data - INFO - Данные для астероида None (9202) были получены!
2025-12-14 14:58:54,986 - utils.get_data - INFO - Данные для астероида None (9400) были получены!
2025-12-14 14:58:54,987 - utils.get_data - INFO - Данные для астероида  (9856) были получены!
2025-12-14 14:58:54,987 - utils.get_data - INFO - Данные для астероида ESA (9950) были получены!
2025-12-14 14:58:54,988 - utils.get_data - INFO - Данные для астероида None (10115) были получены!
2025-12-14 14:58:54,988 - utils.get_data - INFO - Данные для астероида  (10145) были получены!
2025-12-14 14:58:54,989 - utils.get_data - INFO - Данные для астероида None (10150) были получены!
2025-12-14 14:58:54,989 - utils.get_data - INFO - Данные для астероида None (10165) были получены!
2025-12-14 14:58:54,989 - utils.get_data - INFO - Данные для астероида  (10302) были получены!
2025-12-14 14:58:54,990 - utils.get_data - INFO - Данные для астероида Izhdubar (10563) были получены!
2025-12-14 14:58:54,990 - utils.get_data - INFO - Данные для астероида None (10636) были получены!
2025-12-14 14:58:54,991 - utils.get_data - INFO - Данные для астероида  (10860) были получены!
2025-12-14 14:58:54,991 - utils.get_data - INFO - Данные для астероида None (11054) были получены!
2025-12-14 14:58:54,992 - utils.get_data - INFO - Данные для астероида Sigurd (11066) были получены!
2025-12-14 14:58:54,992 - utils.get_data - INFO - Данные для астероида Belenus (11284) были получены!
2025-12-14 14:58:54,993 - utils.get_data - INFO - Данные для астероида Peleus (11311) были получены!
2025-12-14 14:58:54,993 - utils.get_data - INFO - Данные для астероида  (11398) были получены!
2025-12-14 14:58:54,994 - utils.get_data - INFO - Данные для астероида None (11405) были получены!
2025-12-14 14:58:54,994 - utils.get_data - INFO - Данные для астероида Tomaiyowit (11500) были получены!
2025-12-14 14:58:54,995 - utils.get_data - INFO - Данные для астероида Summanus (11885) были получены!
2025-12-14 14:58:54,995 - utils.get_data - INFO - Данные для астероида  (12538) были получены!
2025-12-14 14:58:54,996 - utils.get_data - INFO - Данные для астероида Tukmit (12711) были получены!
2025-12-14 14:58:54,996 - utils.get_data - INFO - Данные для астероида Zephyr (12923) были получены!
2025-12-14 14:58:54,997 - utils.get_data - INFO - Данные для астероида Masaakikoyama (13553) были получены!
2025-12-14 14:58:54,997 - utils.get_data - INFO - Данные для астероида  (13651) были получены!
2025-12-14 14:58:54,998 - utils.get_data - INFO - Данные для астероида None (14402) были получены!
2025-12-14 14:58:54,998 - utils.get_data - INFO - Данные для астероида Hypnos (14827) были получены!
2025-12-14 14:58:54,999 - utils.get_data - INFO - Данные для астероида Yuliya (15745) были получены!
2025-12-14 14:58:54,999 - utils.get_data - INFO - Данные для астероида Lucianotesi (15817) были получены!
2025-12-14 14:58:55,000 - utils.get_data - INFO - Данные для астероида Davidharvey (16064) были получены!
2025-12-14 14:58:55,000 - services.update_service - INFO - Получено 185 NEO из MPC
2025-12-14 14:58:55,000 - services.update_service - INFO - 🎯 Этап 2: Фильтрация потенциально опасных астероидов...
2025-12-14 14:58:55,000 - services.update_service - INFO - Отфильтровано 47 PHA из 185 NEO
2025-12-14 14:58:55,000 - services.update_service - INFO - Отфильтровано 47 PHA астероидов
2025-12-14 14:58:55,000 - services.update_service - INFO - 💾 Этап 3: Обновление данных астероидов в БД...
2025-12-14 14:58:55,036 - controllers.base_controller - INFO - Создана запись AsteroidModel с ID 502
2025-12-14 14:58:55,037 - controllers.base_controller - INFO - Создана запись AsteroidModel с ID 503
2025-12-14 14:58:55,039 - controllers.base_controller - INFO - Создана запись AsteroidModel с ID 504
2025-12-14 14:58:55,040 - controllers.base_controller - INFO - Создана запись AsteroidModel с ID 505
2025-12-14 14:58:55,042 - controllers.base_controller - INFO - Создана запись AsteroidModel с ID 506
2025-12-14 14:58:55,043 - controllers.base_controller - INFO - Создана запись AsteroidModel с ID 507
2025-12-14 14:58:55,045 - controllers.base_controller - INFO - Создана запись AsteroidModel с ID 508
2025-12-14 14:58:55,046 - controllers.base_controller - INFO - Создана запись AsteroidModel с ID 509
2025-12-14 14:58:55,048 - controllers.base_controller - INFO - Создана запись AsteroidModel с ID 510
2025-12-14 14:58:55,049 - controllers.base_controller - INFO - Создана запись AsteroidModel с ID 511
2025-12-14 14:58:55,050 - controllers.base_controller - INFO - Создана запись AsteroidModel с ID 512
2025-12-14 14:58:55,052 - controllers.base_controller - INFO - Создана запись AsteroidModel с ID 513
2025-12-14 14:58:55,054 - controllers.base_controller - INFO - Создана запись AsteroidModel с ID 514
2025-12-14 14:58:55,055 - controllers.base_controller - INFO - Создана запись AsteroidModel с ID 515
2025-12-14 14:58:55,056 - controllers.base_controller - INFO - Создана запись AsteroidModel с ID 516
2025-12-14 14:58:55,058 - controllers.base_controller - INFO - Создана запись AsteroidModel с ID 517
2025-12-14 14:58:55,059 - controllers.base_controller - INFO - Создана запись AsteroidModel с ID 518
2025-12-14 14:58:55,061 - controllers.base_controller - INFO - Создана запись AsteroidModel с ID 519
2025-12-14 14:58:55,062 - controllers.base_controller - INFO - Создана запись AsteroidModel с ID 520
2025-12-14 14:58:55,063 - controllers.base_controller - INFO - Создана запись AsteroidModel с ID 521
2025-12-14 14:58:55,065 - controllers.base_controller - INFO - Создана запись AsteroidModel с ID 522
2025-12-14 14:58:55,066 - controllers.base_controller - INFO - Создана запись AsteroidModel с ID 523
2025-12-14 14:58:55,068 - controllers.base_controller - INFO - Создана запись AsteroidModel с ID 524
2025-12-14 14:58:55,069 - controllers.base_controller - INFO - Создана запись AsteroidModel с ID 525
2025-12-14 14:58:55,071 - controllers.base_controller - INFO - Создана запись AsteroidModel с ID 526
2025-12-14 14:58:55,072 - controllers.base_controller - INFO - Создана запись AsteroidModel с ID 527
2025-12-14 14:58:55,073 - controllers.base_controller - INFO - Создана запись AsteroidModel с ID 528
2025-12-14 14:58:55,075 - controllers.base_controller - INFO - Создана запись AsteroidModel с ID 529
2025-12-14 14:58:55,076 - controllers.base_controller - INFO - Создана запись AsteroidModel с ID 530
2025-12-14 14:58:55,078 - controllers.base_controller - INFO - Создана запись AsteroidModel с ID 531
2025-12-14 14:58:55,079 - controllers.base_controller - INFO - Создана запись AsteroidModel с ID 532
2025-12-14 14:58:55,080 - controllers.base_controller - INFO - Создана запись AsteroidModel с ID 533
2025-12-14 14:58:55,082 - controllers.base_controller - INFO - Создана запись AsteroidModel с ID 534
2025-12-14 14:58:55,083 - controllers.base_controller - INFO - Создана запись AsteroidModel с ID 535
2025-12-14 14:58:55,085 - controllers.base_controller - INFO - Создана запись AsteroidModel с ID 536
2025-12-14 14:58:55,086 - controllers.base_controller - INFO - Создана запись AsteroidModel с ID 537
2025-12-14 14:58:55,087 - controllers.base_controller - INFO - Создана запись AsteroidModel с ID 538
2025-12-14 14:58:55,089 - controllers.base_controller - INFO - Создана запись AsteroidModel с ID 539
2025-12-14 14:58:55,090 - controllers.base_controller - INFO - Создана запись AsteroidModel с ID 540
2025-12-14 14:58:55,092 - controllers.base_controller - INFO - Создана запись AsteroidModel с ID 541
2025-12-14 14:58:55,093 - controllers.base_controller - INFO - Создана запись AsteroidModel с ID 542
2025-12-14 14:58:55,095 - controllers.base_controller - INFO - Создана запись AsteroidModel с ID 543
2025-12-14 14:58:55,096 - controllers.base_controller - INFO - Создана запись AsteroidModel с ID 544
2025-12-14 14:58:55,097 - controllers.base_controller - INFO - Создана запись AsteroidModel с ID 545
2025-12-14 14:58:55,099 - controllers.base_controller - INFO - Создана запись AsteroidModel с ID 546
2025-12-14 14:58:55,100 - controllers.base_controller - INFO - Создана запись AsteroidModel с ID 547
2025-12-14 14:58:55,102 - controllers.base_controller - INFO - Создана запись AsteroidModel с ID 548
2025-12-14 14:58:55,126 - controllers.base_controller - INFO - Bulk создание завершено. Создано: 47, Обновлено: 0
2025-12-14 14:58:55,126 - services.update_service - INFO - Создано: 47, Обновлено: 0
2025-12-14 14:58:55,126 - services.update_service - INFO - 🔄 Этап 4: Расчет сближений на 10 лет...
2025-12-14 14:58:55,126 - services.update_service - INFO - Расчет сближений для 47 астероидов (из 47)
2025-12-14 14:58:55,126 - utils.monitoring - INFO - Запрашиваемый период: 2025-12-14 - 2035-12-12
2025-12-14 14:58:55,126 - utils.monitoring - INFO - Запрашиваемый период: 2025-12-14 - 2035-12-12
2025-12-14 14:58:55,126 - utils.monitoring - INFO - Обрабатывается Icarus...
2025-12-14 14:58:55,126 - utils.monitoring - INFO - Запрашиваемый период: 2025-12-14 - 2035-12-12
2025-12-14 14:58:55,126 - utils.monitoring - INFO - Обрабатывается Adonis...
2025-12-14 14:58:55,126 - utils.monitoring - INFO - Запрашиваемый период: 2025-12-14 - 2035-12-12
2025-12-14 14:58:55,127 - utils.monitoring - INFO - Обрабатывается Hathor...
2025-12-14 14:58:55,127 - utils.monitoring - INFO - Запрашиваемый период: 2025-12-14 - 2035-12-12
2025-12-14 14:58:55,127 - utils.monitoring - INFO - Запрашиваемый период: 2025-12-14 - 2035-12-12
2025-12-14 14:58:55,128 - utils.monitoring - INFO - Обрабатывается Khufu...
2025-12-14 14:58:55,129 - utils.monitoring - INFO - Обрабатывается Vishnu...
2025-12-14 14:58:55,129 - utils.monitoring - INFO - Запрашиваемый период: 2025-12-14 - 2035-12-12
2025-12-14 14:58:55,130 - utils.monitoring - INFO - Обрабатывается Mithra...
2025-12-14 14:58:55,130 - utils.monitoring - INFO - Запрашиваемый период: 2025-12-14 - 2035-12-12
2025-12-14 14:58:55,131 - utils.monitoring - INFO - Запрашиваемый период: 2025-12-14 - 2035-12-12
2025-12-14 14:58:55,131 - utils.monitoring - INFO - Запрашиваемый период: 2025-12-14 - 2035-12-12
2025-12-14 14:58:55,132 - utils.monitoring - INFO - Обрабатывается Unknown_4953...
2025-12-14 14:58:55,132 - utils.monitoring - INFO - Запрашиваемый период: 2025-12-14 - 2035-12-12
2025-12-14 14:58:55,132 - utils.monitoring - INFO - Запрашиваемый период: 2025-12-14 - 2035-12-12
2025-12-14 14:58:55,133 - utils.monitoring - INFO - Обрабатывается Unknown_5693...
2025-12-14 14:58:55,133 - utils.monitoring - INFO - Обрабатывается Unknown_6491...
2025-12-14 14:58:55,133 - utils.monitoring - INFO - Обрабатывается Unknown_7753...
2025-12-14 14:58:55,135 - utils.monitoring - INFO - Обрабатывается Unknown_9856...
2025-12-14 14:58:55,135 - utils.monitoring - INFO - Обрабатывается Zephyr...
2025-12-14 14:58:56,037 - utils.monitoring - ERROR - Ошибка для астероида Mithra: 503 Server Error: Service Temporarily Unavailable for url: https://ssd.jpl.nasa.gov/api/horizons.api?format=text&EPHEM_TYPE=OBSERVER&QUANTITIES=%271%2C2%2C3%2C4%2C5%2C6%2C7%2C8%2C9%2C10%2C11%2C12%2C13%2C14%2C15%2C16%2C17%2C18%2C19%2C20%2C21%2C22%2C23%2C24%2C25%2C26%2C27%2C28%2C29%2C30%2C31%2C32%2C33%2C34%2C35%2C36%2C37%2C38%2C39%2C40%2C41%2C42%2C43%27&COMMAND=%224486%3B%22&SOLAR_ELONG=%220%2C180%22&LHA_CUTOFF=0&CSV_FORMAT=YES&CAL_FORMAT=BOTH&ANG_FORMAT=DEG&APPARENT=AIRLESS&REF_SYSTEM=ICRF&EXTRA_PREC=NO&CENTER=%27399%27&START_TIME=%222025-12-14+14%3A58%22&STOP_TIME=%222035-12-12+14%3A58%22&STEP_SIZE=%221d%22&SKIP_DAYLT=NO
2025-12-14 14:58:56,063 - utils.monitoring - ERROR - Ошибка для астероида Unknown_7753: 503 Server Error: Service Temporarily Unavailable for url: https://ssd.jpl.nasa.gov/api/horizons.api?format=text&EPHEM_TYPE=OBSERVER&QUANTITIES=%271%2C2%2C3%2C4%2C5%2C6%2C7%2C8%2C9%2C10%2C11%2C12%2C13%2C14%2C15%2C16%2C17%2C18%2C19%2C20%2C21%2C22%2C23%2C24%2C25%2C26%2C27%2C28%2C29%2C30%2C31%2C32%2C33%2C34%2C35%2C36%2C37%2C38%2C39%2C40%2C41%2C42%2C43%27&COMMAND=%227753%3B%22&SOLAR_ELONG=%220%2C180%22&LHA_CUTOFF=0&CSV_FORMAT=YES&CAL_FORMAT=BOTH&ANG_FORMAT=DEG&APPARENT=AIRLESS&REF_SYSTEM=ICRF&EXTRA_PREC=NO&CENTER=%27399%27&START_TIME=%222025-12-14+14%3A58%22&STOP_TIME=%222035-12-12+14%3A58%22&STEP_SIZE=%221d%22&SKIP_DAYLT=NO
2025-12-14 14:58:56,065 - utils.monitoring - ERROR - Ошибка для астероида Icarus: 503 Server Error: Service Temporarily Unavailable for url: https://ssd.jpl.nasa.gov/api/horizons.api?format=text&EPHEM_TYPE=OBSERVER&QUANTITIES=%271%2C2%2C3%2C4%2C5%2C6%2C7%2C8%2C9%2C10%2C11%2C12%2C13%2C14%2C15%2C16%2C17%2C18%2C19%2C20%2C21%2C22%2C23%2C24%2C25%2C26%2C27%2C28%2C29%2C30%2C31%2C32%2C33%2C34%2C35%2C36%2C37%2C38%2C39%2C40%2C41%2C42%2C43%27&COMMAND=%221566%3B%22&SOLAR_ELONG=%220%2C180%22&LHA_CUTOFF=0&CSV_FORMAT=YES&CAL_FORMAT=BOTH&ANG_FORMAT=DEG&APPARENT=AIRLESS&REF_SYSTEM=ICRF&EXTRA_PREC=NO&CENTER=%27399%27&START_TIME=%222025-12-14+14%3A58%22&STOP_TIME=%222035-12-12+14%3A58%22&STEP_SIZE=%221d%22&SKIP_DAYLT=NO
2025-12-14 14:58:56,067 - utils.monitoring - ERROR - Ошибка для астероида Adonis: 503 Server Error: Service Temporarily Unavailable for url: https://ssd.jpl.nasa.gov/api/horizons.api?format=text&EPHEM_TYPE=OBSERVER&QUANTITIES=%271%2C2%2C3%2C4%2C5%2C6%2C7%2C8%2C9%2C10%2C11%2C12%2C13%2C14%2C15%2C16%2C17%2C18%2C19%2C20%2C21%2C22%2C23%2C24%2C25%2C26%2C27%2C28%2C29%2C30%2C31%2C32%2C33%2C34%2C35%2C36%2C37%2C38%2C39%2C40%2C41%2C42%2C43%27&COMMAND=%222101%3B%22&SOLAR_ELONG=%220%2C180%22&LHA_CUTOFF=0&CSV_FORMAT=YES&CAL_FORMAT=BOTH&ANG_FORMAT=DEG&APPARENT=AIRLESS&REF_SYSTEM=ICRF&EXTRA_PREC=NO&CENTER=%27399%27&START_TIME=%222025-12-14+14%3A58%22&STOP_TIME=%222035-12-12+14%3A58%22&STEP_SIZE=%221d%22&SKIP_DAYLT=NO
2025-12-14 14:58:56,067 - utils.monitoring - ERROR - Ошибка для астероида Khufu: 503 Server Error: Service Temporarily Unavailable for url: https://ssd.jpl.nasa.gov/api/horizons.api?format=text&EPHEM_TYPE=OBSERVER&QUANTITIES=%271%2C2%2C3%2C4%2C5%2C6%2C7%2C8%2C9%2C10%2C11%2C12%2C13%2C14%2C15%2C16%2C17%2C18%2C19%2C20%2C21%2C22%2C23%2C24%2C25%2C26%2C27%2C28%2C29%2C30%2C31%2C32%2C33%2C34%2C35%2C36%2C37%2C38%2C39%2C40%2C41%2C42%2C43%27&COMMAND=%223362%3B%22&SOLAR_ELONG=%220%2C180%22&LHA_CUTOFF=0&CSV_FORMAT=YES&CAL_FORMAT=BOTH&ANG_FORMAT=DEG&APPARENT=AIRLESS&REF_SYSTEM=ICRF&EXTRA_PREC=NO&CENTER=%27399%27&START_TIME=%222025-12-14+14%3A58%22&STOP_TIME=%222035-12-12+14%3A58%22&STEP_SIZE=%221d%22&SKIP_DAYLT=NO
2025-12-14 14:58:56,068 - utils.monitoring - ERROR - Ошибка для астероида Hathor: 503 Server Error: Service Temporarily Unavailable for url: https://ssd.jpl.nasa.gov/api/horizons.api?format=text&EPHEM_TYPE=OBSERVER&QUANTITIES=%271%2C2%2C3%2C4%2C5%2C6%2C7%2C8%2C9%2C10%2C11%2C12%2C13%2C14%2C15%2C16%2C17%2C18%2C19%2C20%2C21%2C22%2C23%2C24%2C25%2C26%2C27%2C28%2C29%2C30%2C31%2C32%2C33%2C34%2C35%2C36%2C37%2C38%2C39%2C40%2C41%2C42%2C43%27&COMMAND=%222340%3B%22&SOLAR_ELONG=%220%2C180%22&LHA_CUTOFF=0&CSV_FORMAT=YES&CAL_FORMAT=BOTH&ANG_FORMAT=DEG&APPARENT=AIRLESS&REF_SYSTEM=ICRF&EXTRA_PREC=NO&CENTER=%27399%27&START_TIME=%222025-12-14+14%3A58%22&STOP_TIME=%222035-12-12+14%3A58%22&STEP_SIZE=%221d%22&SKIP_DAYLT=NO
2025-12-14 14:58:56,072 - utils.monitoring - ERROR - Ошибка для астероида Vishnu: 503 Server Error: Service Temporarily Unavailable for url: https://ssd.jpl.nasa.gov/api/horizons.api?format=text&EPHEM_TYPE=OBSERVER&QUANTITIES=%271%2C2%2C3%2C4%2C5%2C6%2C7%2C8%2C9%2C10%2C11%2C12%2C13%2C14%2C15%2C16%2C17%2C18%2C19%2C20%2C21%2C22%2C23%2C24%2C25%2C26%2C27%2C28%2C29%2C30%2C31%2C32%2C33%2C34%2C35%2C36%2C37%2C38%2C39%2C40%2C41%2C42%2C43%27&COMMAND=%224034%3B%22&SOLAR_ELONG=%220%2C180%22&LHA_CUTOFF=0&CSV_FORMAT=YES&CAL_FORMAT=BOTH&ANG_FORMAT=DEG&APPARENT=AIRLESS&REF_SYSTEM=ICRF&EXTRA_PREC=NO&CENTER=%27399%27&START_TIME=%222025-12-14+14%3A58%22&STOP_TIME=%222035-12-12+14%3A58%22&STEP_SIZE=%221d%22&SKIP_DAYLT=NO
2025-12-14 14:58:56,075 - utils.monitoring - ERROR - Ошибка для астероида Unknown_4953: 503 Server Error: Service Temporarily Unavailable for url: https://ssd.jpl.nasa.gov/api/horizons.api?format=text&EPHEM_TYPE=OBSERVER&QUANTITIES=%271%2C2%2C3%2C4%2C5%2C6%2C7%2C8%2C9%2C10%2C11%2C12%2C13%2C14%2C15%2C16%2C17%2C18%2C19%2C20%2C21%2C22%2C23%2C24%2C25%2C26%2C27%2C28%2C29%2C30%2C31%2C32%2C33%2C34%2C35%2C36%2C37%2C38%2C39%2C40%2C41%2C42%2C43%27&COMMAND=%224953%3B%22&SOLAR_ELONG=%220%2C180%22&LHA_CUTOFF=0&CSV_FORMAT=YES&CAL_FORMAT=BOTH&ANG_FORMAT=DEG&APPARENT=AIRLESS&REF_SYSTEM=ICRF&EXTRA_PREC=NO&CENTER=%27399%27&START_TIME=%222025-12-14+14%3A58%22&STOP_TIME=%222035-12-12+14%3A58%22&STEP_SIZE=%221d%22&SKIP_DAYLT=NO
2025-12-14 14:58:56,080 - utils.monitoring - ERROR - Ошибка для астероида Unknown_5693: 503 Server Error: Service Temporarily Unavailable for url: https://ssd.jpl.nasa.gov/api/horizons.api?format=text&EPHEM_TYPE=OBSERVER&QUANTITIES=%271%2C2%2C3%2C4%2C5%2C6%2C7%2C8%2C9%2C10%2C11%2C12%2C13%2C14%2C15%2C16%2C17%2C18%2C19%2C20%2C21%2C22%2C23%2C24%2C25%2C26%2C27%2C28%2C29%2C30%2C31%2C32%2C33%2C34%2C35%2C36%2C37%2C38%2C39%2C40%2C41%2C42%2C43%27&COMMAND=%225693%3B%22&SOLAR_ELONG=%220%2C180%22&LHA_CUTOFF=0&CSV_FORMAT=YES&CAL_FORMAT=BOTH&ANG_FORMAT=DEG&APPARENT=AIRLESS&REF_SYSTEM=ICRF&EXTRA_PREC=NO&CENTER=%27399%27&START_TIME=%222025-12-14+14%3A58%22&STOP_TIME=%222035-12-12+14%3A58%22&STEP_SIZE=%221d%22&SKIP_DAYLT=NO
2025-12-14 14:58:56,091 - utils.monitoring - ERROR - Ошибка для астероида Unknown_6491: 503 Server Error: Service Temporarily Unavailable for url: https://ssd.jpl.nasa.gov/api/horizons.api?format=text&EPHEM_TYPE=OBSERVER&QUANTITIES=%271%2C2%2C3%2C4%2C5%2C6%2C7%2C8%2C9%2C10%2C11%2C12%2C13%2C14%2C15%2C16%2C17%2C18%2C19%2C20%2C21%2C22%2C23%2C24%2C25%2C26%2C27%2C28%2C29%2C30%2C31%2C32%2C33%2C34%2C35%2C36%2C37%2C38%2C39%2C40%2C41%2C42%2C43%27&COMMAND=%226491%3B%22&SOLAR_ELONG=%220%2C180%22&LHA_CUTOFF=0&CSV_FORMAT=YES&CAL_FORMAT=BOTH&ANG_FORMAT=DEG&APPARENT=AIRLESS&REF_SYSTEM=ICRF&EXTRA_PREC=NO&CENTER=%27399%27&START_TIME=%222025-12-14+14%3A58%22&STOP_TIME=%222035-12-12+14%3A58%22&STEP_SIZE=%221d%22&SKIP_DAYLT=NO
2025-12-14 14:58:58,038 - utils.monitoring - INFO - Запрашиваемый период: 2025-12-14 - 2035-12-12
2025-12-14 14:58:58,038 - utils.monitoring - INFO - Обрабатывается Asclepius...
2025-12-14 14:58:58,064 - utils.monitoring - INFO - Запрашиваемый период: 2025-12-14 - 2035-12-12
2025-12-14 14:58:58,064 - utils.monitoring - INFO - Обрабатывается Unknown_7822...
2025-12-14 14:58:58,065 - utils.monitoring - INFO - Запрашиваемый период: 2025-12-14 - 2035-12-12
2025-12-14 14:58:58,065 - utils.monitoring - INFO - Обрабатывается Geographos...
2025-12-14 14:58:58,067 - utils.monitoring - INFO - Запрашиваемый период: 2025-12-14 - 2035-12-12
2025-12-14 14:58:58,068 - utils.monitoring - INFO - Запрашиваемый период: 2025-12-14 - 2035-12-12
2025-12-14 14:58:58,068 - utils.monitoring - INFO - Обрабатывается Tantalus...
2025-12-14 14:58:58,068 - utils.monitoring - INFO - Обрабатывается Dionysus...
2025-12-14 14:58:58,069 - utils.monitoring - INFO - Запрашиваемый период: 2025-12-14 - 2035-12-12
2025-12-14 14:58:58,070 - utils.monitoring - INFO - Обрабатывается Florence...
2025-12-14 14:58:58,072 - utils.monitoring - INFO - Запрашиваемый период: 2025-12-14 - 2035-12-12
2025-12-14 14:58:58,072 - utils.monitoring - INFO - Обрабатывается Toutatis...
2025-12-14 14:58:58,075 - utils.monitoring - INFO - Запрашиваемый период: 2025-12-14 - 2035-12-12
2025-12-14 14:58:58,075 - utils.monitoring - INFO - Обрабатывается Ptah...
2025-12-14 14:58:58,080 - utils.monitoring - INFO - Запрашиваемый период: 2025-12-14 - 2035-12-12
2025-12-14 14:58:58,080 - utils.monitoring - INFO - Обрабатывается Unknown_6037...
2025-12-14 14:58:58,091 - utils.monitoring - INFO - Запрашиваемый период: 2025-12-14 - 2035-12-12
2025-12-14 14:58:58,091 - utils.monitoring - INFO - Обрабатывается Unknown_7335...
2025-12-14 14:58:58,757 - utils.monitoring - ERROR - Ошибка для астероида Asclepius: 503 Server Error: Service Temporarily Unavailable for url: https://ssd.jpl.nasa.gov/api/horizons.api?format=text&EPHEM_TYPE=OBSERVER&QUANTITIES=%271%2C2%2C3%2C4%2C5%2C6%2C7%2C8%2C9%2C10%2C11%2C12%2C13%2C14%2C15%2C16%2C17%2C18%2C19%2C20%2C21%2C22%2C23%2C24%2C25%2C26%2C27%2C28%2C29%2C30%2C31%2C32%2C33%2C34%2C35%2C36%2C37%2C38%2C39%2C40%2C41%2C42%2C43%27&COMMAND=%224581%3B%22&SOLAR_ELONG=%220%2C180%22&LHA_CUTOFF=0&CSV_FORMAT=YES&CAL_FORMAT=BOTH&ANG_FORMAT=DEG&APPARENT=AIRLESS&REF_SYSTEM=ICRF&EXTRA_PREC=NO&CENTER=%27399%27&START_TIME=%222025-12-14+14%3A58%22&STOP_TIME=%222035-12-12+14%3A58%22&STEP_SIZE=%221d%22&SKIP_DAYLT=NO
2025-12-14 14:58:58,849 - utils.monitoring - ERROR - Ошибка для астероида Unknown_7822: 503 Server Error: Service Temporarily Unavailable for url: https://ssd.jpl.nasa.gov/api/horizons.api?format=text&EPHEM_TYPE=OBSERVER&QUANTITIES=%271%2C2%2C3%2C4%2C5%2C6%2C7%2C8%2C9%2C10%2C11%2C12%2C13%2C14%2C15%2C16%2C17%2C18%2C19%2C20%2C21%2C22%2C23%2C24%2C25%2C26%2C27%2C28%2C29%2C30%2C31%2C32%2C33%2C34%2C35%2C36%2C37%2C38%2C39%2C40%2C41%2C42%2C43%27&COMMAND=%227822%3B%22&SOLAR_ELONG=%220%2C180%22&LHA_CUTOFF=0&CSV_FORMAT=YES&CAL_FORMAT=BOTH&ANG_FORMAT=DEG&APPARENT=AIRLESS&REF_SYSTEM=ICRF&EXTRA_PREC=NO&CENTER=%27399%27&START_TIME=%222025-12-14+14%3A58%22&STOP_TIME=%222035-12-12+14%3A58%22&STEP_SIZE=%221d%22&SKIP_DAYLT=NO
2025-12-14 14:58:58,864 - utils.monitoring - ERROR - Ошибка для астероида Unknown_6037: 503 Server Error: Service Temporarily Unavailable for url: https://ssd.jpl.nasa.gov/api/horizons.api?format=text&EPHEM_TYPE=OBSERVER&QUANTITIES=%271%2C2%2C3%2C4%2C5%2C6%2C7%2C8%2C9%2C10%2C11%2C12%2C13%2C14%2C15%2C16%2C17%2C18%2C19%2C20%2C21%2C22%2C23%2C24%2C25%2C26%2C27%2C28%2C29%2C30%2C31%2C32%2C33%2C34%2C35%2C36%2C37%2C38%2C39%2C40%2C41%2C42%2C43%27&COMMAND=%226037%3B%22&SOLAR_ELONG=%220%2C180%22&LHA_CUTOFF=0&CSV_FORMAT=YES&CAL_FORMAT=BOTH&ANG_FORMAT=DEG&APPARENT=AIRLESS&REF_SYSTEM=ICRF&EXTRA_PREC=NO&CENTER=%27399%27&START_TIME=%222025-12-14+14%3A58%22&STOP_TIME=%222035-12-12+14%3A58%22&STEP_SIZE=%221d%22&SKIP_DAYLT=NO
2025-12-14 14:58:58,872 - utils.monitoring - ERROR - Ошибка для астероида Geographos: 503 Server Error: Service Temporarily Unavailable for url: https://ssd.jpl.nasa.gov/api/horizons.api?format=text&EPHEM_TYPE=OBSERVER&QUANTITIES=%271%2C2%2C3%2C4%2C5%2C6%2C7%2C8%2C9%2C10%2C11%2C12%2C13%2C14%2C15%2C16%2C17%2C18%2C19%2C20%2C21%2C22%2C23%2C24%2C25%2C26%2C27%2C28%2C29%2C30%2C31%2C32%2C33%2C34%2C35%2C36%2C37%2C38%2C39%2C40%2C41%2C42%2C43%27&COMMAND=%221620%3B%22&SOLAR_ELONG=%220%2C180%22&LHA_CUTOFF=0&CSV_FORMAT=YES&CAL_FORMAT=BOTH&ANG_FORMAT=DEG&APPARENT=AIRLESS&REF_SYSTEM=ICRF&EXTRA_PREC=NO&CENTER=%27399%27&START_TIME=%222025-12-14+14%3A58%22&STOP_TIME=%222035-12-12+14%3A58%22&STEP_SIZE=%221d%22&SKIP_DAYLT=NO
2025-12-14 14:58:58,886 - utils.monitoring - ERROR - Ошибка для астероида Florence: 503 Server Error: Service Temporarily Unavailable for url: https://ssd.jpl.nasa.gov/api/horizons.api?format=text&EPHEM_TYPE=OBSERVER&QUANTITIES=%271%2C2%2C3%2C4%2C5%2C6%2C7%2C8%2C9%2C10%2C11%2C12%2C13%2C14%2C15%2C16%2C17%2C18%2C19%2C20%2C21%2C22%2C23%2C24%2C25%2C26%2C27%2C28%2C29%2C30%2C31%2C32%2C33%2C34%2C35%2C36%2C37%2C38%2C39%2C40%2C41%2C42%2C43%27&COMMAND=%223122%3B%22&SOLAR_ELONG=%220%2C180%22&LHA_CUTOFF=0&CSV_FORMAT=YES&CAL_FORMAT=BOTH&ANG_FORMAT=DEG&APPARENT=AIRLESS&REF_SYSTEM=ICRF&EXTRA_PREC=NO&CENTER=%27399%27&START_TIME=%222025-12-14+14%3A58%22&STOP_TIME=%222035-12-12+14%3A58%22&STEP_SIZE=%221d%22&SKIP_DAYLT=NO
2025-12-14 14:58:58,887 - utils.monitoring - ERROR - Ошибка для астероида Dionysus: 503 Server Error: Service Temporarily Unavailable for url: https://ssd.jpl.nasa.gov/api/horizons.api?format=text&EPHEM_TYPE=OBSERVER&QUANTITIES=%271%2C2%2C3%2C4%2C5%2C6%2C7%2C8%2C9%2C10%2C11%2C12%2C13%2C14%2C15%2C16%2C17%2C18%2C19%2C20%2C21%2C22%2C23%2C24%2C25%2C26%2C27%2C28%2C29%2C30%2C31%2C32%2C33%2C34%2C35%2C36%2C37%2C38%2C39%2C40%2C41%2C42%2C43%27&COMMAND=%223671%3B%22&SOLAR_ELONG=%220%2C180%22&LHA_CUTOFF=0&CSV_FORMAT=YES&CAL_FORMAT=BOTH&ANG_FORMAT=DEG&APPARENT=AIRLESS&REF_SYSTEM=ICRF&EXTRA_PREC=NO&CENTER=%27399%27&START_TIME=%222025-12-14+14%3A58%22&STOP_TIME=%222035-12-12+14%3A58%22&STEP_SIZE=%221d%22&SKIP_DAYLT=NO
2025-12-14 14:58:58,904 - utils.monitoring - ERROR - Ошибка для астероида Tantalus: 503 Server Error: Service Temporarily Unavailable for url: https://ssd.jpl.nasa.gov/api/horizons.api?format=text&EPHEM_TYPE=OBSERVER&QUANTITIES=%271%2C2%2C3%2C4%2C5%2C6%2C7%2C8%2C9%2C10%2C11%2C12%2C13%2C14%2C15%2C16%2C17%2C18%2C19%2C20%2C21%2C22%2C23%2C24%2C25%2C26%2C27%2C28%2C29%2C30%2C31%2C32%2C33%2C34%2C35%2C36%2C37%2C38%2C39%2C40%2C41%2C42%2C43%27&COMMAND=%222102%3B%22&SOLAR_ELONG=%220%2C180%22&LHA_CUTOFF=0&CSV_FORMAT=YES&CAL_FORMAT=BOTH&ANG_FORMAT=DEG&APPARENT=AIRLESS&REF_SYSTEM=ICRF&EXTRA_PREC=NO&CENTER=%27399%27&START_TIME=%222025-12-14+14%3A58%22&STOP_TIME=%222035-12-12+14%3A58%22&STEP_SIZE=%221d%22&SKIP_DAYLT=NO
2025-12-14 14:58:58,910 - utils.monitoring - ERROR - Ошибка для астероида Toutatis: 503 Server Error: Service Temporarily Unavailable for url: https://ssd.jpl.nasa.gov/api/horizons.api?format=text&EPHEM_TYPE=OBSERVER&QUANTITIES=%271%2C2%2C3%2C4%2C5%2C6%2C7%2C8%2C9%2C10%2C11%2C12%2C13%2C14%2C15%2C16%2C17%2C18%2C19%2C20%2C21%2C22%2C23%2C24%2C25%2C26%2C27%2C28%2C29%2C30%2C31%2C32%2C33%2C34%2C35%2C36%2C37%2C38%2C39%2C40%2C41%2C42%2C43%27&COMMAND=%224179%3B%22&SOLAR_ELONG=%220%2C180%22&LHA_CUTOFF=0&CSV_FORMAT=YES&CAL_FORMAT=BOTH&ANG_FORMAT=DEG&APPARENT=AIRLESS&REF_SYSTEM=ICRF&EXTRA_PREC=NO&CENTER=%27399%27&START_TIME=%222025-12-14+14%3A58%22&STOP_TIME=%222035-12-12+14%3A58%22&STEP_SIZE=%221d%22&SKIP_DAYLT=NO
2025-12-14 14:58:58,912 - utils.monitoring - ERROR - Ошибка для астероида Ptah: 503 Server Error: Service Temporarily Unavailable for url: https://ssd.jpl.nasa.gov/api/horizons.api?format=text&EPHEM_TYPE=OBSERVER&QUANTITIES=%271%2C2%2C3%2C4%2C5%2C6%2C7%2C8%2C9%2C10%2C11%2C12%2C13%2C14%2C15%2C16%2C17%2C18%2C19%2C20%2C21%2C22%2C23%2C24%2C25%2C26%2C27%2C28%2C29%2C30%2C31%2C32%2C33%2C34%2C35%2C36%2C37%2C38%2C39%2C40%2C41%2C42%2C43%27&COMMAND=%225011%3B%22&SOLAR_ELONG=%220%2C180%22&LHA_CUTOFF=0&CSV_FORMAT=YES&CAL_FORMAT=BOTH&ANG_FORMAT=DEG&APPARENT=AIRLESS&REF_SYSTEM=ICRF&EXTRA_PREC=NO&CENTER=%27399%27&START_TIME=%222025-12-14+14%3A58%22&STOP_TIME=%222035-12-12+14%3A58%22&STEP_SIZE=%221d%22&SKIP_DAYLT=NO
2025-12-14 14:58:58,914 - utils.monitoring - ERROR - Ошибка для астероида Unknown_7335: 503 Server Error: Service Temporarily Unavailable for url: https://ssd.jpl.nasa.gov/api/horizons.api?format=text&EPHEM_TYPE=OBSERVER&QUANTITIES=%271%2C2%2C3%2C4%2C5%2C6%2C7%2C8%2C9%2C10%2C11%2C12%2C13%2C14%2C15%2C16%2C17%2C18%2C19%2C20%2C21%2C22%2C23%2C24%2C25%2C26%2C27%2C28%2C29%2C30%2C31%2C32%2C33%2C34%2C35%2C36%2C37%2C38%2C39%2C40%2C41%2C42%2C43%27&COMMAND=%227335%3B%22&SOLAR_ELONG=%220%2C180%22&LHA_CUTOFF=0&CSV_FORMAT=YES&CAL_FORMAT=BOTH&ANG_FORMAT=DEG&APPARENT=AIRLESS&REF_SYSTEM=ICRF&EXTRA_PREC=NO&CENTER=%27399%27&START_TIME=%222025-12-14+14%3A58%22&STOP_TIME=%222035-12-12+14%3A58%22&STEP_SIZE=%221d%22&SKIP_DAYLT=NO
2025-12-14 14:59:00,775 - utils.monitoring - INFO - Запрашиваемый период: 2025-12-14 - 2035-12-12
2025-12-14 14:59:00,794 - utils.monitoring - INFO - Обрабатывается Nereus...
2025-12-14 14:59:00,855 - utils.monitoring - INFO - Запрашиваемый период: 2025-12-14 - 2035-12-12
2025-12-14 14:59:00,860 - utils.monitoring - INFO - Обрабатывается Unknown_8014...
2025-12-14 14:59:00,865 - utils.monitoring - INFO - Запрашиваемый период: 2025-12-14 - 2035-12-12
2025-12-14 14:59:00,876 - utils.monitoring - INFO - Запрашиваемый период: 2025-12-14 - 2035-12-12
2025-12-14 14:59:00,882 - utils.monitoring - INFO - Обрабатывается Minos...
2025-12-14 14:59:00,887 - utils.monitoring - INFO - Запрашиваемый период: 2025-12-14 - 2035-12-12
2025-12-14 14:59:00,887 - utils.monitoring - INFO - Обрабатывается Apollo...
2025-12-14 14:59:00,887 - utils.monitoring - INFO - Запрашиваемый период: 2025-12-14 - 2035-12-12
2025-12-14 14:59:00,905 - utils.monitoring - INFO - Запрашиваемый период: 2025-12-14 - 2035-12-12
2025-12-14 14:59:00,916 - utils.monitoring - INFO - Запрашиваемый период: 2025-12-14 - 2035-12-12
2025-12-14 14:59:00,916 - utils.monitoring - INFO - Запрашиваемый период: 2025-12-14 - 2035-12-12
2025-12-14 14:59:00,916 - utils.monitoring - INFO - Запрашиваемый период: 2025-12-14 - 2035-12-12
2025-12-14 14:59:00,916 - utils.monitoring - INFO - Обрабатывается Phaethon...
2025-12-14 14:59:00,965 - utils.monitoring - INFO - Обрабатывается Anagolay...
2025-12-14 14:59:00,986 - utils.monitoring - INFO - Обрабатывается Aristaeus...
2025-12-14 14:59:01,025 - utils.monitoring - INFO - Обрабатывается Unknown_5189...
2025-12-14 14:59:01,040 - utils.monitoring - INFO - Обрабатывается Unknown_7341...
2025-12-14 14:59:01,061 - utils.monitoring - INFO - Обрабатывается Cuno...
2025-12-14 14:59:01,888 - utils.monitoring - ERROR - Ошибка для астероида Minos: 503 Server Error: Service Temporarily Unavailable for url: https://ssd.jpl.nasa.gov/api/horizons.api?format=text&EPHEM_TYPE=OBSERVER&QUANTITIES=%271%2C2%2C3%2C4%2C5%2C6%2C7%2C8%2C9%2C10%2C11%2C12%2C13%2C14%2C15%2C16%2C17%2C18%2C19%2C20%2C21%2C22%2C23%2C24%2C25%2C26%2C27%2C28%2C29%2C30%2C31%2C32%2C33%2C34%2C35%2C36%2C37%2C38%2C39%2C40%2C41%2C42%2C43%27&COMMAND=%226239%3B%22&SOLAR_ELONG=%220%2C180%22&LHA_CUTOFF=0&CSV_FORMAT=YES&CAL_FORMAT=BOTH&ANG_FORMAT=DEG&APPARENT=AIRLESS&REF_SYSTEM=ICRF&EXTRA_PREC=NO&CENTER=%27399%27&START_TIME=%222025-12-14+14%3A59%22&STOP_TIME=%222035-12-12+14%3A59%22&STEP_SIZE=%221d%22&SKIP_DAYLT=NO
2025-12-14 14:59:01,993 - utils.monitoring - ERROR - Ошибка для астероида Apollo: 503 Server Error: Service Temporarily Unavailable for url: https://ssd.jpl.nasa.gov/api/horizons.api?format=text&EPHEM_TYPE=OBSERVER&QUANTITIES=%271%2C2%2C3%2C4%2C5%2C6%2C7%2C8%2C9%2C10%2C11%2C12%2C13%2C14%2C15%2C16%2C17%2C18%2C19%2C20%2C21%2C22%2C23%2C24%2C25%2C26%2C27%2C28%2C29%2C30%2C31%2C32%2C33%2C34%2C35%2C36%2C37%2C38%2C39%2C40%2C41%2C42%2C43%27&COMMAND=%221862%3B%22&SOLAR_ELONG=%220%2C180%22&LHA_CUTOFF=0&CSV_FORMAT=YES&CAL_FORMAT=BOTH&ANG_FORMAT=DEG&APPARENT=AIRLESS&REF_SYSTEM=ICRF&EXTRA_PREC=NO&CENTER=%27399%27&START_TIME=%222025-12-14+14%3A59%22&STOP_TIME=%222035-12-12+14%3A59%22&STEP_SIZE=%221d%22&SKIP_DAYLT=NO
2025-12-14 14:59:02,078 - utils.monitoring - ERROR - Ошибка для астероида Aristaeus: 503 Server Error: Service Temporarily Unavailable for url: https://ssd.jpl.nasa.gov/api/horizons.api?format=text&EPHEM_TYPE=OBSERVER&QUANTITIES=%271%2C2%2C3%2C4%2C5%2C6%2C7%2C8%2C9%2C10%2C11%2C12%2C13%2C14%2C15%2C16%2C17%2C18%2C19%2C20%2C21%2C22%2C23%2C24%2C25%2C26%2C27%2C28%2C29%2C30%2C31%2C32%2C33%2C34%2C35%2C36%2C37%2C38%2C39%2C40%2C41%2C42%2C43%27&COMMAND=%222135%3B%22&SOLAR_ELONG=%220%2C180%22&LHA_CUTOFF=0&CSV_FORMAT=YES&CAL_FORMAT=BOTH&ANG_FORMAT=DEG&APPARENT=AIRLESS&REF_SYSTEM=ICRF&EXTRA_PREC=NO&CENTER=%27399%27&START_TIME=%222025-12-14+14%3A59%22&STOP_TIME=%222035-12-12+14%3A59%22&STEP_SIZE=%221d%22&SKIP_DAYLT=NO
2025-12-14 14:59:02,119 - utils.monitoring - ERROR - Ошибка для астероида Anagolay: 503 Server Error: Service Temporarily Unavailable for url: https://ssd.jpl.nasa.gov/api/horizons.api?format=text&EPHEM_TYPE=OBSERVER&QUANTITIES=%271%2C2%2C3%2C4%2C5%2C6%2C7%2C8%2C9%2C10%2C11%2C12%2C13%2C14%2C15%2C16%2C17%2C18%2C19%2C20%2C21%2C22%2C23%2C24%2C25%2C26%2C27%2C28%2C29%2C30%2C31%2C32%2C33%2C34%2C35%2C36%2C37%2C38%2C39%2C40%2C41%2C42%2C43%27&COMMAND=%223757%3B%22&SOLAR_ELONG=%220%2C180%22&LHA_CUTOFF=0&CSV_FORMAT=YES&CAL_FORMAT=BOTH&ANG_FORMAT=DEG&APPARENT=AIRLESS&REF_SYSTEM=ICRF&EXTRA_PREC=NO&CENTER=%27399%27&START_TIME=%222025-12-14+14%3A59%22&STOP_TIME=%222035-12-12+14%3A59%22&STEP_SIZE=%221d%22&SKIP_DAYLT=NO
2025-12-14 14:59:02,173 - utils.monitoring - ERROR - Ошибка для астероида Cuno: 503 Server Error: Service Temporarily Unavailable for url: https://ssd.jpl.nasa.gov/api/horizons.api?format=text&EPHEM_TYPE=OBSERVER&QUANTITIES=%271%2C2%2C3%2C4%2C5%2C6%2C7%2C8%2C9%2C10%2C11%2C12%2C13%2C14%2C15%2C16%2C17%2C18%2C19%2C20%2C21%2C22%2C23%2C24%2C25%2C26%2C27%2C28%2C29%2C30%2C31%2C32%2C33%2C34%2C35%2C36%2C37%2C38%2C39%2C40%2C41%2C42%2C43%27&COMMAND=%224183%3B%22&SOLAR_ELONG=%220%2C180%22&LHA_CUTOFF=0&CSV_FORMAT=YES&CAL_FORMAT=BOTH&ANG_FORMAT=DEG&APPARENT=AIRLESS&REF_SYSTEM=ICRF&EXTRA_PREC=NO&CENTER=%27399%27&START_TIME=%222025-12-14+14%3A59%22&STOP_TIME=%222035-12-12+14%3A59%22&STEP_SIZE=%221d%22&SKIP_DAYLT=NO
2025-12-14 14:59:02,178 - utils.monitoring - ERROR - Ошибка для астероида Unknown_5189: 503 Server Error: Service Temporarily Unavailable for url: https://ssd.jpl.nasa.gov/api/horizons.api?format=text&EPHEM_TYPE=OBSERVER&QUANTITIES=%271%2C2%2C3%2C4%2C5%2C6%2C7%2C8%2C9%2C10%2C11%2C12%2C13%2C14%2C15%2C16%2C17%2C18%2C19%2C20%2C21%2C22%2C23%2C24%2C25%2C26%2C27%2C28%2C29%2C30%2C31%2C32%2C33%2C34%2C35%2C36%2C37%2C38%2C39%2C40%2C41%2C42%2C43%27&COMMAND=%225189%3B%22&SOLAR_ELONG=%220%2C180%22&LHA_CUTOFF=0&CSV_FORMAT=YES&CAL_FORMAT=BOTH&ANG_FORMAT=DEG&APPARENT=AIRLESS&REF_SYSTEM=ICRF&EXTRA_PREC=NO&CENTER=%27399%27&START_TIME=%222025-12-14+14%3A59%22&STOP_TIME=%222035-12-12+14%3A59%22&STEP_SIZE=%221d%22&SKIP_DAYLT=NO
2025-12-14 14:59:02,194 - utils.monitoring - ERROR - Ошибка для астероида Phaethon: 503 Server Error: Service Temporarily Unavailable for url: https://ssd.jpl.nasa.gov/api/horizons.api?format=text&EPHEM_TYPE=OBSERVER&QUANTITIES=%271%2C2%2C3%2C4%2C5%2C6%2C7%2C8%2C9%2C10%2C11%2C12%2C13%2C14%2C15%2C16%2C17%2C18%2C19%2C20%2C21%2C22%2C23%2C24%2C25%2C26%2C27%2C28%2C29%2C30%2C31%2C32%2C33%2C34%2C35%2C36%2C37%2C38%2C39%2C40%2C41%2C42%2C43%27&COMMAND=%223200%3B%22&SOLAR_ELONG=%220%2C180%22&LHA_CUTOFF=0&CSV_FORMAT=YES&CAL_FORMAT=BOTH&ANG_FORMAT=DEG&APPARENT=AIRLESS&REF_SYSTEM=ICRF&EXTRA_PREC=NO&CENTER=%27399%27&START_TIME=%222025-12-14+14%3A59%22&STOP_TIME=%222035-12-12+14%3A59%22&STEP_SIZE=%221d%22&SKIP_DAYLT=NO
2025-12-14 14:59:02,231 - utils.monitoring - ERROR - Ошибка для астероида Unknown_7341: 503 Server Error: Service Temporarily Unavailable for url: https://ssd.jpl.nasa.gov/api/horizons.api?format=text&EPHEM_TYPE=OBSERVER&QUANTITIES=%271%2C2%2C3%2C4%2C5%2C6%2C7%2C8%2C9%2C10%2C11%2C12%2C13%2C14%2C15%2C16%2C17%2C18%2C19%2C20%2C21%2C22%2C23%2C24%2C25%2C26%2C27%2C28%2C29%2C30%2C31%2C32%2C33%2C34%2C35%2C36%2C37%2C38%2C39%2C40%2C41%2C42%2C43%27&COMMAND=%227341%3B%22&SOLAR_ELONG=%220%2C180%22&LHA_CUTOFF=0&CSV_FORMAT=YES&CAL_FORMAT=BOTH&ANG_FORMAT=DEG&APPARENT=AIRLESS&REF_SYSTEM=ICRF&EXTRA_PREC=NO&CENTER=%27399%27&START_TIME=%222025-12-14+14%3A59%22&STOP_TIME=%222035-12-12+14%3A59%22&STEP_SIZE=%221d%22&SKIP_DAYLT=NO
2025-12-14 14:59:03,948 - utils.monitoring - INFO - Запрашиваемый период: 2025-12-14 - 2035-12-12
2025-12-14 14:59:03,954 - utils.monitoring - INFO - Обрабатывается Golevka...
2025-12-14 14:59:03,998 - utils.monitoring - INFO - Запрашиваемый период: 2025-12-14 - 2035-12-12
2025-12-14 14:59:04,025 - utils.monitoring - INFO - Обрабатывается Midas...
2025-12-14 14:59:04,136 - utils.monitoring - INFO - Запрашиваемый период: 2025-12-14 - 2035-12-12
2025-12-14 14:59:04,136 - utils.monitoring - INFO - Запрашиваемый период: 2025-12-14 - 2035-12-12
2025-12-14 14:59:04,157 - utils.monitoring - INFO - Обрабатывается Oljato...
2025-12-14 14:59:04,162 - utils.monitoring - INFO - Обрабатывается Wilson-Harrington...
2025-12-14 14:59:04,183 - utils.monitoring - INFO - Запрашиваемый период: 2025-12-14 - 2035-12-12
2025-12-14 14:59:04,199 - utils.monitoring - INFO - Запрашиваемый период: 2025-12-14 - 2035-12-12
2025-12-14 14:59:04,221 - utils.monitoring - INFO - Запрашиваемый период: 2025-12-14 - 2035-12-12
2025-12-14 14:59:04,221 - utils.monitoring - INFO - Обрабатывается Pan...
2025-12-14 14:59:04,232 - utils.monitoring - INFO - Обрабатывается Unknown_5604...
2025-12-14 14:59:04,250 - utils.monitoring - INFO - Обрабатывается Orpheus...
2025-12-14 14:59:04,256 - utils.monitoring - INFO - Запрашиваемый период: 2025-12-14 - 2035-12-12
2025-12-14 14:59:04,365 - utils.monitoring - INFO - Обрабатывается Unknown_7482...
2025-12-14 14:59:04,959 - utils.monitoring - ERROR - Ошибка для астероида Golevka: 503 Server Error: Service Temporarily Unavailable for url: https://ssd.jpl.nasa.gov/api/horizons.api?format=text&EPHEM_TYPE=OBSERVER&QUANTITIES=%271%2C2%2C3%2C4%2C5%2C6%2C7%2C8%2C9%2C10%2C11%2C12%2C13%2C14%2C15%2C16%2C17%2C18%2C19%2C20%2C21%2C22%2C23%2C24%2C25%2C26%2C27%2C28%2C29%2C30%2C31%2C32%2C33%2C34%2C35%2C36%2C37%2C38%2C39%2C40%2C41%2C42%2C43%27&COMMAND=%226489%3B%22&SOLAR_ELONG=%220%2C180%22&LHA_CUTOFF=0&CSV_FORMAT=YES&CAL_FORMAT=BOTH&ANG_FORMAT=DEG&APPARENT=AIRLESS&REF_SYSTEM=ICRF&EXTRA_PREC=NO&CENTER=%27399%27&START_TIME=%222025-12-14+14%3A59%22&STOP_TIME=%222035-12-12+14%3A59%22&STEP_SIZE=%221d%22&SKIP_DAYLT=NO
2025-12-14 14:59:05,192 - utils.monitoring - ERROR - Ошибка для астероида Wilson-Harrington: 503 Server Error: Service Temporarily Unavailable for url: https://ssd.jpl.nasa.gov/api/horizons.api?format=text&EPHEM_TYPE=OBSERVER&QUANTITIES=%271%2C2%2C3%2C4%2C5%2C6%2C7%2C8%2C9%2C10%2C11%2C12%2C13%2C14%2C15%2C16%2C17%2C18%2C19%2C20%2C21%2C22%2C23%2C24%2C25%2C26%2C27%2C28%2C29%2C30%2C31%2C32%2C33%2C34%2C35%2C36%2C37%2C38%2C39%2C40%2C41%2C42%2C43%27&COMMAND=%224015%3B%22&SOLAR_ELONG=%220%2C180%22&LHA_CUTOFF=0&CSV_FORMAT=YES&CAL_FORMAT=BOTH&ANG_FORMAT=DEG&APPARENT=AIRLESS&REF_SYSTEM=ICRF&EXTRA_PREC=NO&CENTER=%27399%27&START_TIME=%222025-12-14+14%3A59%22&STOP_TIME=%222035-12-12+14%3A59%22&STEP_SIZE=%221d%22&SKIP_DAYLT=NO
2025-12-14 14:59:05,204 - utils.monitoring - ERROR - Ошибка для астероида Midas: 503 Server Error: Service Temporarily Unavailable for url: https://ssd.jpl.nasa.gov/api/horizons.api?format=text&EPHEM_TYPE=OBSERVER&QUANTITIES=%271%2C2%2C3%2C4%2C5%2C6%2C7%2C8%2C9%2C10%2C11%2C12%2C13%2C14%2C15%2C16%2C17%2C18%2C19%2C20%2C21%2C22%2C23%2C24%2C25%2C26%2C27%2C28%2C29%2C30%2C31%2C32%2C33%2C34%2C35%2C36%2C37%2C38%2C39%2C40%2C41%2C42%2C43%27&COMMAND=%221981%3B%22&SOLAR_ELONG=%220%2C180%22&LHA_CUTOFF=0&CSV_FORMAT=YES&CAL_FORMAT=BOTH&ANG_FORMAT=DEG&APPARENT=AIRLESS&REF_SYSTEM=ICRF&EXTRA_PREC=NO&CENTER=%27399%27&START_TIME=%222025-12-14+14%3A59%22&STOP_TIME=%222035-12-12+14%3A59%22&STEP_SIZE=%221d%22&SKIP_DAYLT=NO
2025-12-14 14:59:05,299 - utils.monitoring - ERROR - Ошибка для астероида Pan: 503 Server Error: Service Temporarily Unavailable for url: https://ssd.jpl.nasa.gov/api/horizons.api?format=text&EPHEM_TYPE=OBSERVER&QUANTITIES=%271%2C2%2C3%2C4%2C5%2C6%2C7%2C8%2C9%2C10%2C11%2C12%2C13%2C14%2C15%2C16%2C17%2C18%2C19%2C20%2C21%2C22%2C23%2C24%2C25%2C26%2C27%2C28%2C29%2C30%2C31%2C32%2C33%2C34%2C35%2C36%2C37%2C38%2C39%2C40%2C41%2C42%2C43%27&COMMAND=%224450%3B%22&SOLAR_ELONG=%220%2C180%22&LHA_CUTOFF=0&CSV_FORMAT=YES&CAL_FORMAT=BOTH&ANG_FORMAT=DEG&APPARENT=AIRLESS&REF_SYSTEM=ICRF&EXTRA_PREC=NO&CENTER=%27399%27&START_TIME=%222025-12-14+14%3A59%22&STOP_TIME=%222035-12-12+14%3A59%22&STEP_SIZE=%221d%22&SKIP_DAYLT=NO
2025-12-14 14:59:05,324 - utils.monitoring - ERROR - Ошибка для астероида Unknown_5604: 503 Server Error: Service Temporarily Unavailable for url: https://ssd.jpl.nasa.gov/api/horizons.api?format=text&EPHEM_TYPE=OBSERVER&QUANTITIES=%271%2C2%2C3%2C4%2C5%2C6%2C7%2C8%2C9%2C10%2C11%2C12%2C13%2C14%2C15%2C16%2C17%2C18%2C19%2C20%2C21%2C22%2C23%2C24%2C25%2C26%2C27%2C28%2C29%2C30%2C31%2C32%2C33%2C34%2C35%2C36%2C37%2C38%2C39%2C40%2C41%2C42%2C43%27&COMMAND=%225604%3B%22&SOLAR_ELONG=%220%2C180%22&LHA_CUTOFF=0&CSV_FORMAT=YES&CAL_FORMAT=BOTH&ANG_FORMAT=DEG&APPARENT=AIRLESS&REF_SYSTEM=ICRF&EXTRA_PREC=NO&CENTER=%27399%27&START_TIME=%222025-12-14+14%3A59%22&STOP_TIME=%222035-12-12+14%3A59%22&STEP_SIZE=%221d%22&SKIP_DAYLT=NO
2025-12-14 14:59:05,340 - utils.monitoring - ERROR - Ошибка для астероида Unknown_7482: 503 Server Error: Service Temporarily Unavailable for url: https://ssd.jpl.nasa.gov/api/horizons.api?format=text&EPHEM_TYPE=OBSERVER&QUANTITIES=%271%2C2%2C3%2C4%2C5%2C6%2C7%2C8%2C9%2C10%2C11%2C12%2C13%2C14%2C15%2C16%2C17%2C18%2C19%2C20%2C21%2C22%2C23%2C24%2C25%2C26%2C27%2C28%2C29%2C30%2C31%2C32%2C33%2C34%2C35%2C36%2C37%2C38%2C39%2C40%2C41%2C42%2C43%27&COMMAND=%227482%3B%22&SOLAR_ELONG=%220%2C180%22&LHA_CUTOFF=0&CSV_FORMAT=YES&CAL_FORMAT=BOTH&ANG_FORMAT=DEG&APPARENT=AIRLESS&REF_SYSTEM=ICRF&EXTRA_PREC=NO&CENTER=%27399%27&START_TIME=%222025-12-14+14%3A59%22&STOP_TIME=%222035-12-12+14%3A59%22&STEP_SIZE=%221d%22&SKIP_DAYLT=NO
2025-12-14 14:59:05,560 - utils.monitoring - ERROR - Ошибка для астероида Orpheus: 503 Server Error: Service Temporarily Unavailable for url: https://ssd.jpl.nasa.gov/api/horizons.api?format=text&EPHEM_TYPE=OBSERVER&QUANTITIES=%271%2C2%2C3%2C4%2C5%2C6%2C7%2C8%2C9%2C10%2C11%2C12%2C13%2C14%2C15%2C16%2C17%2C18%2C19%2C20%2C21%2C22%2C23%2C24%2C25%2C26%2C27%2C28%2C29%2C30%2C31%2C32%2C33%2C34%2C35%2C36%2C37%2C38%2C39%2C40%2C41%2C42%2C43%27&COMMAND=%223361%3B%22&SOLAR_ELONG=%220%2C180%22&LHA_CUTOFF=0&CSV_FORMAT=YES&CAL_FORMAT=BOTH&ANG_FORMAT=DEG&APPARENT=AIRLESS&REF_SYSTEM=ICRF&EXTRA_PREC=NO&CENTER=%27399%27&START_TIME=%222025-12-14+14%3A59%22&STOP_TIME=%222035-12-12+14%3A59%22&STEP_SIZE=%221d%22&SKIP_DAYLT=NO
2025-12-14 14:59:18,335 - utils.monitoring - INFO - Получены данные для Zephyr: 3651 записей
2025-12-14 14:59:22,475 - utils.monitoring - INFO - Запрашиваемый период: 2025-12-14 - 2035-12-12
2025-12-14 14:59:22,499 - utils.monitoring - INFO - Обрабатывается Unknown_13651...
2025-12-14 14:59:24,633 - utils.monitoring - INFO - Получены данные для Unknown_9856: 3651 записей
2025-12-14 14:59:28,753 - utils.monitoring - INFO - Запрашиваемый период: 2025-12-14 - 2035-12-12
2025-12-14 14:59:28,770 - utils.monitoring - INFO - Обрабатывается Unknown_10115...
2025-12-14 14:59:34,025 - utils.monitoring - INFO - Получены данные для Nereus: 3651 записей
2025-12-14 14:59:34,127 - utils.monitoring - INFO - Получены данные для Unknown_8014: 3651 записей
2025-12-14 14:59:35,948 - utils.monitoring - INFO - Получены данные для Oljato: 3651 записей
2025-12-14 14:59:38,095 - utils.monitoring - INFO - Запрашиваемый период: 2025-12-14 - 2035-12-12
2025-12-14 14:59:38,117 - utils.monitoring - INFO - Обрабатывается Castalia...
2025-12-14 14:59:38,231 - utils.monitoring - INFO - Запрашиваемый период: 2025-12-14 - 2035-12-12
2025-12-14 14:59:38,231 - utils.monitoring - INFO - Обрабатывается Unknown_8566...
2025-12-14 14:59:45,125 - utils.monitoring - INFO - Получены данные для Unknown_13651: 3651 записей
2025-12-14 14:59:49,303 - utils.monitoring - INFO - Запрашиваемый период: 2025-12-14 - 2035-12-12
2025-12-14 14:59:49,303 - utils.monitoring - INFO - Обрабатывается Hypnos...
2025-12-14 14:59:50,907 - utils.monitoring - INFO - Получены данные для Unknown_10115: 3651 записей
2025-12-14 14:59:54,991 - utils.monitoring - INFO - Запрашиваемый период: 2025-12-14 - 2035-12-12
2025-12-14 14:59:55,006 - utils.monitoring - INFO - Обрабатывается Tomaiyowit...
2025-12-14 15:00:01,392 - utils.monitoring - INFO - Получены данные для Castalia: 3651 записей
2025-12-14 15:00:02,805 - utils.monitoring - INFO - Получены данные для Unknown_8566: 3651 записей
2025-12-14 15:00:11,700 - utils.monitoring - INFO - Получены данные для Hypnos: 3651 записей
2025-12-14 15:00:12,067 - utils.monitoring - INFO - Получены данные для Tomaiyowit: 3651 записей
2025-12-14 15:00:16,092 - utils.monitoring - INFO - Запрашиваемый период: 2025-12-14 - 2035-12-12
2025-12-14 15:00:16,092 - utils.monitoring - INFO - Обрабатывается Unknown_12538...
2025-12-14 15:00:26,903 - utils.monitoring - INFO - Получены данные для Unknown_12538: 3651 записей
2025-12-14 15:00:28,929 - services.update_service - INFO - Рассчитано 10 сближений
2025-12-14 15:00:28,929 - services.update_service - INFO - 💿 Этап 5: Сохранение сближений в БД...
2025-12-14 15:00:28,952 - controllers.base_controller - INFO - Создана запись CloseApproachModel с ID 133
2025-12-14 15:00:28,957 - controllers.base_controller - INFO - Обновлена запись CloseApproachModel с ID 133
2025-12-14 15:00:28,958 - controllers.base_controller - INFO - Создана запись CloseApproachModel с ID 134
2025-12-14 15:00:28,962 - controllers.base_controller - INFO - Обновлена запись CloseApproachModel с ID 134
2025-12-14 15:00:28,964 - controllers.base_controller - INFO - Создана запись CloseApproachModel с ID 135
2025-12-14 15:00:28,968 - controllers.base_controller - INFO - Обновлена запись CloseApproachModel с ID 135
2025-12-14 15:00:28,970 - controllers.base_controller - INFO - Создана запись CloseApproachModel с ID 136
2025-12-14 15:00:28,973 - controllers.base_controller - INFO - Обновлена запись CloseApproachModel с ID 136
2025-12-14 15:00:28,975 - controllers.base_controller - INFO - Создана запись CloseApproachModel с ID 137
2025-12-14 15:00:28,978 - controllers.base_controller - INFO - Обновлена запись CloseApproachModel с ID 137
2025-12-14 15:00:28,993 - controllers.base_controller - INFO - Bulk создание завершено. Создано: 5, Обновлено: 5
2025-12-14 15:00:28,993 - services.update_service - INFO - Сохранено 10 сближений
2025-12-14 15:00:28,993 - services.update_service - INFO - ⚠️ Этап 6: Расчет оценок угроз...
2025-12-14 15:00:28,996 - services.update_service - ERROR - Ошибка расчета угрозы для подхода 133: 'DataUpdateService' object has no attribute '_get_threat_level'
2025-12-14 15:00:28,996 - services.update_service - ERROR - Ошибка расчета угрозы для подхода 134: 'DataUpdateService' object has no attribute '_get_threat_level'
2025-12-14 15:00:28,996 - services.update_service - ERROR - Ошибка расчета угрозы для подхода 135: 'DataUpdateService' object has no attribute '_get_threat_level'
2025-12-14 15:00:28,996 - services.update_service - ERROR - Ошибка расчета угрозы для подхода 136: 'DataUpdateService' object has no attribute '_get_threat_level'
2025-12-14 15:00:28,996 - services.update_service - ERROR - Ошибка расчета угрозы для подхода 137: 'DataUpdateService' object has no attribute '_get_threat_level'
2025-12-14 15:00:28,997 - services.update_service - INFO - 🗑️ Этап 7: Очистка устаревших данных...
2025-12-14 15:00:28,999 - controllers.base_controller - INFO - Удалено 0 записей CloseApproachModel
2025-12-14 15:00:29,001 - services.update_service - INFO - ✅ Обновление update_20251214_145854 завершено за 94.19 секунд. Обработано: 47 PHA, 10 сближений
2025-12-14 15:00:29,001 - __main__ - INFO - ✅ ОБНОВЛЕНИЕ УСПЕШНО ЗАВЕРШЕНО
2025-12-14 15:00:29,001 - __main__ - INFO -    Длительность: 94.19 секунд
2025-12-14 15:00:29,001 - __main__ - INFO -    Обработано PHA: 47
2025-12-14 15:00:29,001 - __main__ - INFO -    Создано/обновлено астероидов: 47/0
2025-12-14 15:00:29,001 - __main__ - INFO -    Рассчитано сближений: 10
2025-12-14 15:00:29,001 - __main__ - INFO -    Сохранено сближений: 10
2025-12-14 15:00:29,001 - __main__ - INFO -    Сохранено оценок угроз: 5
2025-12-14 15:00:29,001 - __main__ - INFO -    Производительность: 0.50 аст/сек
2025-12-14 15:00:29,001 - __main__ - INFO - ============================================================
2025-12-14 15:00:29,001 - __main__ - INFO - 🏁 ОБНОВЛЕНИЕ ЗАВЕРШЕНО
2025-12-14 15:00:29,001 - __main__ - INFO - ============================================================
